Added Component: Designator=C01(RAD-0.3)
Added Component: Designator=C1(RB7.6-15)
Added Component: Designator=C02(RAD-0.3)
Added Component: Designator=C2(RB7.6-15)
Added Component: Designator=C03(RAD-0.3)
Added Component: Designator=C04(RAD-0.3)
Added Component: Designator=C05(RAD-0.3)
Added Component: Designator=C06(RAD-0.3)
Added Component: Designator=C07(RAD-0.3)
Added Component: Designator=D1(DIO7.1-3.9x1.9)
Added Component: Designator=D2(DIO7.1-3.9x1.9)
Added Component: Designator=D3(DIO7.1-3.9x1.9)
Added Component: Designator=P1(HDR1X4)
Added Component: Designator=P2(HDR1X2)
Added Component: Designator=Q01(BCY-W3/E4)
Added Component: Designator=Q1(1-04)
Added Component: Designator=Q2(1-04)
Added Component: Designator=Q3(BCY-W3/E4)
Added Component: Designator=R1(AXIAL-0.4)
Added Component: Designator=R2(AXIAL-0.4)
Added Component: Designator=R3(AXIAL-0.4)
Added Component: Designator=R4(AXIAL-0.4)
Added Component: Designator=R5(AXIAL-0.4)
Added Component: Designator=R6(AXIAL-0.4)
Added Component: Designator=R7(AXIAL-0.4)
Added Component: Designator=R8(AXIAL-0.4)
Added Component: Designator=R9(AXIAL-0.4)
Added Component: Designator=R10(AXIAL-0.4)
Added Component: Designator=R11(AXIAL-0.4)
Added Component: Designator=R12(AXIAL-0.4)
Added Component: Designator=R13(AXIAL-0.4)
Added Component: Designator=R14(AXIAL-0.4)
Added Component: Designator=rp1(VR5)
Added Component: Designator=rp2(VR5)
Added Component: Designator=rp3(VR5)
Added Component: Designator=rp4(VR5)
Added Component: Designator=U1(646-06)
Added Pin To Net: NetName=2.5 Pin=rp3-2
Added Net: Name=2.5
Added Pin To Net: NetName=2.5V Pin=rp1-1
Added Net: Name=2.5V
Added Pin To Net: NetName=12V Pin=R12-1
Added Pin To Net: NetName=12V Pin=U1-4
Added Net: Name=12V
Added Pin To Net: NetName=GND Pin=C01-1
Added Pin To Net: NetName=GND Pin=C1-2
Added Pin To Net: NetName=GND Pin=C02-1
Added Pin To Net: NetName=GND Pin=C2-2
Added Pin To Net: NetName=GND Pin=C03-2
Added Pin To Net: NetName=GND Pin=C07-1
Added Pin To Net: NetName=GND Pin=P1-1
Added Pin To Net: NetName=GND Pin=P2-2
Added Pin To Net: NetName=GND Pin=R6-2
Added Pin To Net: NetName=GND Pin=R7-1
Added Pin To Net: NetName=GND Pin=R11-2
Added Pin To Net: NetName=GND Pin=R13-2
Added Pin To Net: NetName=GND Pin=rp2-1
Added Pin To Net: NetName=GND Pin=rp4-2
Added Pin To Net: NetName=GND Pin=U1-11
Added Net: Name=GND
Added Pin To Net: NetName=IN  OUT Pin=C2-1
Added Pin To Net: NetName=IN  OUT Pin=C02-2
Added Pin To Net: NetName=IN  OUT Pin=C04-1
Added Pin To Net: NetName=IN  OUT Pin=P2-1
Added Pin To Net: NetName=IN  OUT Pin=R1-2
Added Pin To Net: NetName=IN  OUT Pin=R2-2
Added Pin To Net: NetName=IN  OUT Pin=R9-1
Added Net: Name=IN  OUT
Added Pin To Net: NetName=NetC1_1 Pin=C1-1
Added Pin To Net: NetName=NetC1_1 Pin=C01-2
Added Pin To Net: NetName=NetC1_1 Pin=P1-4
Added Pin To Net: NetName=NetC1_1 Pin=Q1-3
Added Pin To Net: NetName=NetC1_1 Pin=Q2-3
Added Pin To Net: NetName=NetC1_1 Pin=R3-2
Added Pin To Net: NetName=NetC1_1 Pin=R4-2
Added Net: Name=NetC1_1
Added Pin To Net: NetName=NetC03_1 Pin=C03-1
Added Pin To Net: NetName=NetC03_1 Pin=D1-2
Added Pin To Net: NetName=NetC03_1 Pin=D2-1
Added Pin To Net: NetName=NetC03_1 Pin=rp2-3
Added Pin To Net: NetName=NetC03_1 Pin=U1-3
Added Net: Name=NetC03_1
Added Pin To Net: NetName=NetC04_2 Pin=C04-2
Added Pin To Net: NetName=NetC04_2 Pin=D1-1
Added Pin To Net: NetName=NetC04_2 Pin=D2-2
Added Pin To Net: NetName=NetC04_2 Pin=R9-2
Added Net: Name=NetC04_2
Added Pin To Net: NetName=NetC05_1 Pin=C05-1
Added Pin To Net: NetName=NetC05_1 Pin=R11-1
Added Pin To Net: NetName=NetC05_1 Pin=U1-2
Added Net: Name=NetC05_1
Added Pin To Net: NetName=NetC05_2 Pin=C05-2
Added Pin To Net: NetName=NetC05_2 Pin=R10-1
Added Pin To Net: NetName=NetC05_2 Pin=U1-1
Added Net: Name=NetC05_2
Added Pin To Net: NetName=NetC06_1 Pin=C06-1
Added Pin To Net: NetName=NetC06_1 Pin=D3-2
Added Pin To Net: NetName=NetC06_1 Pin=U1-7
Added Net: Name=NetC06_1
Added Pin To Net: NetName=NetC06_2 Pin=C06-2
Added Pin To Net: NetName=NetC06_2 Pin=R12-2
Added Pin To Net: NetName=NetC06_2 Pin=R13-1
Added Pin To Net: NetName=NetC06_2 Pin=U1-6
Added Net: Name=NetC06_2
Added Pin To Net: NetName=NetC07_2 Pin=C07-2
Added Pin To Net: NetName=NetC07_2 Pin=rp4-3
Added Pin To Net: NetName=NetC07_2 Pin=U1-5
Added Net: Name=NetC07_2
Added Pin To Net: NetName=NetD3_1 Pin=D3-1
Added Pin To Net: NetName=NetD3_1 Pin=Q3-2
Added Pin To Net: NetName=NetD3_1 Pin=R10-2
Added Net: Name=NetD3_1
Added Pin To Net: NetName=NetQ01_1 Pin=Q01-1
Added Pin To Net: NetName=NetQ01_1 Pin=R4-1
Added Net: Name=NetQ01_1
Added Pin To Net: NetName=NetQ1_1 Pin=Q1-1
Added Pin To Net: NetName=NetQ1_1 Pin=Q01-3
Added Pin To Net: NetName=NetQ1_1 Pin=Q2-1
Added Pin To Net: NetName=NetQ1_1 Pin=R6-1
Added Net: Name=NetQ1_1
Added Pin To Net: NetName=NetQ01_2 Pin=Q01-2
Added Pin To Net: NetName=NetQ01_2 Pin=R3-1
Added Pin To Net: NetName=NetQ01_2 Pin=R5-2
Added Net: Name=NetQ01_2
Added Pin To Net: NetName=NetQ1_2 Pin=Q1-2
Added Pin To Net: NetName=NetQ1_2 Pin=R2-1
Added Net: Name=NetQ1_2
Added Pin To Net: NetName=NetQ2_2 Pin=Q2-2
Added Pin To Net: NetName=NetQ2_2 Pin=R1-1
Added Net: Name=NetQ2_2
Added Pin To Net: NetName=NetQ3_1 Pin=Q3-1
Added Pin To Net: NetName=NetQ3_1 Pin=R7-2
Added Net: Name=NetQ3_1
Added Pin To Net: NetName=NetQ3_3 Pin=Q3-3
Added Pin To Net: NetName=NetQ3_3 Pin=R5-1
Added Net: Name=NetQ3_3
Added Pin To Net: NetName=NetR8_1 Pin=R8-1
Added Pin To Net: NetName=NetR8_1 Pin=rp1-2
Added Pin To Net: NetName=NetR8_1 Pin=rp1-3
Added Net: Name=NetR8_1
Added Pin To Net: NetName=NetR8_2 Pin=R8-2
Added Pin To Net: NetName=NetR8_2 Pin=rp2-2
Added Net: Name=NetR8_2
Added Pin To Net: NetName=NetR14_1 Pin=R14-1
Added Pin To Net: NetName=NetR14_1 Pin=rp3-1
Added Pin To Net: NetName=NetR14_1 Pin=rp3-3
Added Net: Name=NetR14_1
Added Pin To Net: NetName=NetR14_2 Pin=R14-2
Added Pin To Net: NetName=NetR14_2 Pin=rp4-1
Added Net: Name=NetR14_2
Added Class: Name=Sheet1
Added Room: Name=Sheet1
